<?xml version="1.0" encoding="UTF-8"?>
<testsuite xmlns:xsi="http://www.w3.org/2001/XMLSchema-instance" xsi:noNamespaceSchemaLocation="https://maven.apache.org/surefire/maven-surefire-plugin/xsd/surefire-test-report.xsd" name="org.bukkit.craftbukkit.inventory.ItemMetaImplementationOverrideTest" time="0.421" tests="99" errors="0" skipped="0" failures="0">
  <properties>
    <property name="sun.desktop" value="gnome"/>
    <property name="awt.toolkit" value="sun.awt.X11.XToolkit"/>
    <property name="file.encoding.pkg" value="sun.io"/>
    <property name="java.specification.version" value="1.8"/>
    <property name="sun.cpu.isalist" value=""/>
    <property name="sun.jnu.encoding" value="UTF-8"/>
    <property name="java.class.path" value="/home/tim/Downloads/CloudSpigot/CloudSpigot-Server/target/test-classes:/home/tim/Downloads/CloudSpigot/CloudSpigot-Server/target/classes:/home/tim/.m2/repository/net/sf/trove4j/trove4j/3.0.3/trove4j-3.0.3.jar:/home/tim/Downloads/CloudSpigot/CloudSpigot-API/target/cloudspigot-api-1.8.8-R0.1-SNAPSHOT.jar:/home/tim/.m2/repository/commons-lang/commons-lang/2.6/commons-lang-2.6.jar:/home/tim/.m2/repository/com/googlecode/json-simple/json-simple/1.1.1/json-simple-1.1.1.jar:/home/tim/.m2/repository/com/google/guava/guava/18.0/guava-18.0.jar:/home/tim/.m2/repository/com/google/code/gson/gson/2.8.5/gson-2.8.5.jar:/home/tim/.m2/repository/org/avaje/ebean/2.8.1/ebean-2.8.1.jar:/home/tim/.m2/repository/javax/persistence/persistence-api/1.0/persistence-api-1.0.jar:/home/tim/.m2/repository/org/yaml/snakeyaml/1.23/snakeyaml-1.23.jar:/home/tim/.m2/repository/net/md-5/bungeecord-chat/1.8-SNAPSHOT/bungeecord-chat-1.8-SNAPSHOT.jar:/home/tim/.m2/repository/org/spigotmc/minecraft-server/1.8.9-SNAPSHOT/minecraft-server-1.8.9-SNAPSHOT.jar:/home/tim/.m2/repository/net/sf/jopt-simple/jopt-simple/3.2/jopt-simple-3.2.jar:/home/tim/.m2/repository/jline/jline/2.14.6/jline-2.14.6.jar:/home/tim/.m2/repository/org/xerial/sqlite-jdbc/3.7.2/sqlite-jdbc-3.7.2.jar:/home/tim/.m2/repository/mysql/mysql-connector-java/5.1.14/mysql-connector-java-5.1.14.jar:/home/tim/.m2/repository/junit/junit/4.11/junit-4.11.jar:/home/tim/.m2/repository/org/hamcrest/hamcrest-core/1.3/hamcrest-core-1.3.jar:/home/tim/.m2/repository/org/hamcrest/hamcrest-library/1.3/hamcrest-library-1.3.jar:"/>
    <property name="java.vm.vendor" value="Oracle Corporation"/>
    <property name="sun.arch.data.model" value="64"/>
    <property name="java.vendor.url" value="http://java.oracle.com/"/>
    <property name="user.timezone" value=""/>
    <property name="java.vm.specification.version" value="1.8"/>
    <property name="os.name" value="Linux"/>
    <property name="user.country" value="DE"/>
    <property name="sun.java.launcher" value="SUN_STANDARD"/>
    <property name="sun.boot.library.path" value="/usr/lib/jvm/java-8-oracle/jre/lib/amd64"/>
    <property name="sun.java.command" value="/home/tim/Downloads/CloudSpigot/CloudSpigot-Server/target/surefire/surefirebooter2977374731233757069.jar /home/tim/Downloads/CloudSpigot/CloudSpigot-Server/target/surefire 2018-09-09T13-21-24_006-jvmRun1 surefire6021364739337265366tmp surefire_03893927644483421766tmp"/>
    <property name="surefire.test.class.path" value="/home/tim/Downloads/CloudSpigot/CloudSpigot-Server/target/test-classes:/home/tim/Downloads/CloudSpigot/CloudSpigot-Server/target/classes:/home/tim/.m2/repository/net/sf/trove4j/trove4j/3.0.3/trove4j-3.0.3.jar:/home/tim/Downloads/CloudSpigot/CloudSpigot-API/target/cloudspigot-api-1.8.8-R0.1-SNAPSHOT.jar:/home/tim/.m2/repository/commons-lang/commons-lang/2.6/commons-lang-2.6.jar:/home/tim/.m2/repository/com/googlecode/json-simple/json-simple/1.1.1/json-simple-1.1.1.jar:/home/tim/.m2/repository/com/google/guava/guava/18.0/guava-18.0.jar:/home/tim/.m2/repository/com/google/code/gson/gson/2.8.5/gson-2.8.5.jar:/home/tim/.m2/repository/org/avaje/ebean/2.8.1/ebean-2.8.1.jar:/home/tim/.m2/repository/javax/persistence/persistence-api/1.0/persistence-api-1.0.jar:/home/tim/.m2/repository/org/yaml/snakeyaml/1.23/snakeyaml-1.23.jar:/home/tim/.m2/repository/net/md-5/bungeecord-chat/1.8-SNAPSHOT/bungeecord-chat-1.8-SNAPSHOT.jar:/home/tim/.m2/repository/org/spigotmc/minecraft-server/1.8.9-SNAPSHOT/minecraft-server-1.8.9-SNAPSHOT.jar:/home/tim/.m2/repository/net/sf/jopt-simple/jopt-simple/3.2/jopt-simple-3.2.jar:/home/tim/.m2/repository/jline/jline/2.14.6/jline-2.14.6.jar:/home/tim/.m2/repository/org/xerial/sqlite-jdbc/3.7.2/sqlite-jdbc-3.7.2.jar:/home/tim/.m2/repository/mysql/mysql-connector-java/5.1.14/mysql-connector-java-5.1.14.jar:/home/tim/.m2/repository/junit/junit/4.11/junit-4.11.jar:/home/tim/.m2/repository/org/hamcrest/hamcrest-core/1.3/hamcrest-core-1.3.jar:/home/tim/.m2/repository/org/hamcrest/hamcrest-library/1.3/hamcrest-library-1.3.jar:"/>
    <property name="sun.cpu.endian" value="little"/>
    <property name="user.home" value="/home/tim"/>
    <property name="user.language" value="de"/>
    <property name="java.specification.vendor" value="Oracle Corporation"/>
    <property name="java.home" value="/usr/lib/jvm/java-8-oracle/jre"/>
    <property name="basedir" value="/home/tim/Downloads/CloudSpigot/CloudSpigot-Server"/>
    <property name="file.separator" value="/"/>
    <property name="line.separator" value="&#10;"/>
    <property name="java.vm.specification.vendor" value="Oracle Corporation"/>
    <property name="java.specification.name" value="Java Platform API Specification"/>
    <property name="java.awt.graphicsenv" value="sun.awt.X11GraphicsEnvironment"/>
    <property name="surefire.real.class.path" value="/home/tim/Downloads/CloudSpigot/CloudSpigot-Server/target/surefire/surefirebooter2977374731233757069.jar"/>
    <property name="sun.boot.class.path" value="/usr/lib/jvm/java-8-oracle/jre/lib/resources.jar:/usr/lib/jvm/java-8-oracle/jre/lib/rt.jar:/usr/lib/jvm/java-8-oracle/jre/lib/sunrsasign.jar:/usr/lib/jvm/java-8-oracle/jre/lib/jsse.jar:/usr/lib/jvm/java-8-oracle/jre/lib/jce.jar:/usr/lib/jvm/java-8-oracle/jre/lib/charsets.jar:/usr/lib/jvm/java-8-oracle/jre/lib/jfr.jar:/usr/lib/jvm/java-8-oracle/jre/classes"/>
    <property name="sun.management.compiler" value="HotSpot 64-Bit Tiered Compilers"/>
    <property name="java.runtime.version" value="1.8.0_181-b13"/>
    <property name="user.name" value="tim"/>
    <property name="path.separator" value=":"/>
    <property name="os.version" value="4.17.0-3-amd64"/>
    <property name="java.endorsed.dirs" value="/usr/lib/jvm/java-8-oracle/jre/lib/endorsed"/>
    <property name="java.runtime.name" value="Java(TM) SE Runtime Environment"/>
    <property name="file.encoding" value="UTF-8"/>
    <property name="java.vm.name" value="Java HotSpot(TM) 64-Bit Server VM"/>
    <property name="localRepository" value="/home/tim/.m2/repository"/>
    <property name="java.vendor.url.bug" value="http://bugreport.sun.com/bugreport/"/>
    <property name="java.io.tmpdir" value="/tmp"/>
    <property name="java.version" value="1.8.0_181"/>
    <property name="user.dir" value="/home/tim/Downloads/CloudSpigot/CloudSpigot-Server/target/test-server"/>
    <property name="os.arch" value="amd64"/>
    <property name="java.vm.specification.name" value="Java Virtual Machine Specification"/>
    <property name="java.awt.printerjob" value="sun.print.PSPrinterJob"/>
    <property name="sun.os.patch.level" value="unknown"/>
    <property name="java.library.path" value="/usr/java/packages/lib/amd64:/usr/lib64:/lib64:/lib:/usr/lib"/>
    <property name="java.vm.info" value="mixed mode"/>
    <property name="java.vendor" value="Oracle Corporation"/>
    <property name="java.vm.version" value="25.181-b13"/>
    <property name="java.ext.dirs" value="/usr/lib/jvm/java-8-oracle/jre/lib/ext:/usr/java/packages/lib/ext"/>
    <property name="sun.io.unicode.encoding" value="UnicodeLittle"/>
    <property name="java.class.version" value="52.0"/>
  </properties>
  <testcase name="testClass[[0]:CraftMetaBook contains serialize]" classname="org.bukkit.craftbukkit.inventory.ItemMetaImplementationOverrideTest" time="0.001"/>
  <testcase name="testClass[[1]:CraftMetaBook contains applyToItem]" classname="org.bukkit.craftbukkit.inventory.ItemMetaImplementationOverrideTest" time="0"/>
  <testcase name="testClass[[2]:CraftMetaBook contains applicableTo]" classname="org.bukkit.craftbukkit.inventory.ItemMetaImplementationOverrideTest" time="0"/>
  <testcase name="testClass[[3]:CraftMetaBook contains equalsCommon]" classname="org.bukkit.craftbukkit.inventory.ItemMetaImplementationOverrideTest" time="0"/>
  <testcase name="testClass[[4]:CraftMetaBook contains notUncommon]" classname="org.bukkit.craftbukkit.inventory.ItemMetaImplementationOverrideTest" time="0"/>
  <testcase name="testClass[[5]:CraftMetaBook contains applyHash]" classname="org.bukkit.craftbukkit.inventory.ItemMetaImplementationOverrideTest" time="0"/>
  <testcase name="testClass[[6]:CraftMetaBook contains clone]" classname="org.bukkit.craftbukkit.inventory.ItemMetaImplementationOverrideTest" time="0"/>
  <testcase name="testClass[[7]:CraftMetaBook contains isEmpty]" classname="org.bukkit.craftbukkit.inventory.ItemMetaImplementationOverrideTest" time="0"/>
  <testcase name="testClass[[8]:CraftMetaBook contains annotation interface org.bukkit.configuration.serialization.DelegateDeserialization]" classname="org.bukkit.craftbukkit.inventory.ItemMetaImplementationOverrideTest" time="0.003"/>
  <testcase name="testClass[[9]:CraftMetaBlockState contains serialize]" classname="org.bukkit.craftbukkit.inventory.ItemMetaImplementationOverrideTest" time="0.001"/>
  <testcase name="testClass[[10]:CraftMetaBlockState contains applyToItem]" classname="org.bukkit.craftbukkit.inventory.ItemMetaImplementationOverrideTest" time="0"/>
  <testcase name="testClass[[11]:CraftMetaBlockState contains applicableTo]" classname="org.bukkit.craftbukkit.inventory.ItemMetaImplementationOverrideTest" time="0"/>
  <testcase name="testClass[[12]:CraftMetaBlockState contains equalsCommon]" classname="org.bukkit.craftbukkit.inventory.ItemMetaImplementationOverrideTest" time="0"/>
  <testcase name="testClass[[13]:CraftMetaBlockState contains notUncommon]" classname="org.bukkit.craftbukkit.inventory.ItemMetaImplementationOverrideTest" time="0"/>
  <testcase name="testClass[[14]:CraftMetaBlockState contains applyHash]" classname="org.bukkit.craftbukkit.inventory.ItemMetaImplementationOverrideTest" time="0"/>
  <testcase name="testClass[[15]:CraftMetaBlockState contains clone]" classname="org.bukkit.craftbukkit.inventory.ItemMetaImplementationOverrideTest" time="0.002"/>
  <testcase name="testClass[[16]:CraftMetaBlockState contains isEmpty]" classname="org.bukkit.craftbukkit.inventory.ItemMetaImplementationOverrideTest" time="0"/>
  <testcase name="testClass[[17]:CraftMetaBlockState contains annotation interface org.bukkit.configuration.serialization.DelegateDeserialization]" classname="org.bukkit.craftbukkit.inventory.ItemMetaImplementationOverrideTest" time="0"/>
  <testcase name="testClass[[18]:CraftMetaBanner contains serialize]" classname="org.bukkit.craftbukkit.inventory.ItemMetaImplementationOverrideTest" time="0.001"/>
  <testcase name="testClass[[19]:CraftMetaBanner contains applyToItem]" classname="org.bukkit.craftbukkit.inventory.ItemMetaImplementationOverrideTest" time="0"/>
  <testcase name="testClass[[20]:CraftMetaBanner contains applicableTo]" classname="org.bukkit.craftbukkit.inventory.ItemMetaImplementationOverrideTest" time="0"/>
  <testcase name="testClass[[21]:CraftMetaBanner contains equalsCommon]" classname="org.bukkit.craftbukkit.inventory.ItemMetaImplementationOverrideTest" time="0"/>
  <testcase name="testClass[[22]:CraftMetaBanner contains notUncommon]" classname="org.bukkit.craftbukkit.inventory.ItemMetaImplementationOverrideTest" time="0"/>
  <testcase name="testClass[[23]:CraftMetaBanner contains applyHash]" classname="org.bukkit.craftbukkit.inventory.ItemMetaImplementationOverrideTest" time="0"/>
  <testcase name="testClass[[24]:CraftMetaBanner contains clone]" classname="org.bukkit.craftbukkit.inventory.ItemMetaImplementationOverrideTest" time="0"/>
  <testcase name="testClass[[25]:CraftMetaBanner contains isEmpty]" classname="org.bukkit.craftbukkit.inventory.ItemMetaImplementationOverrideTest" time="0"/>
  <testcase name="testClass[[26]:CraftMetaBanner contains annotation interface org.bukkit.configuration.serialization.DelegateDeserialization]" classname="org.bukkit.craftbukkit.inventory.ItemMetaImplementationOverrideTest" time="0"/>
  <testcase name="testClass[[27]:CraftMetaMap contains serialize]" classname="org.bukkit.craftbukkit.inventory.ItemMetaImplementationOverrideTest" time="0"/>
  <testcase name="testClass[[28]:CraftMetaMap contains applyToItem]" classname="org.bukkit.craftbukkit.inventory.ItemMetaImplementationOverrideTest" time="0"/>
  <testcase name="testClass[[29]:CraftMetaMap contains applicableTo]" classname="org.bukkit.craftbukkit.inventory.ItemMetaImplementationOverrideTest" time="0"/>
  <testcase name="testClass[[30]:CraftMetaMap contains equalsCommon]" classname="org.bukkit.craftbukkit.inventory.ItemMetaImplementationOverrideTest" time="0"/>
  <testcase name="testClass[[31]:CraftMetaMap contains notUncommon]" classname="org.bukkit.craftbukkit.inventory.ItemMetaImplementationOverrideTest" time="0"/>
  <testcase name="testClass[[32]:CraftMetaMap contains applyHash]" classname="org.bukkit.craftbukkit.inventory.ItemMetaImplementationOverrideTest" time="0"/>
  <testcase name="testClass[[33]:CraftMetaMap contains clone]" classname="org.bukkit.craftbukkit.inventory.ItemMetaImplementationOverrideTest" time="0"/>
  <testcase name="testClass[[34]:CraftMetaMap contains isEmpty]" classname="org.bukkit.craftbukkit.inventory.ItemMetaImplementationOverrideTest" time="0"/>
  <testcase name="testClass[[35]:CraftMetaMap contains annotation interface org.bukkit.configuration.serialization.DelegateDeserialization]" classname="org.bukkit.craftbukkit.inventory.ItemMetaImplementationOverrideTest" time="0"/>
  <testcase name="testClass[[36]:CraftMetaPotion contains serialize]" classname="org.bukkit.craftbukkit.inventory.ItemMetaImplementationOverrideTest" time="0"/>
  <testcase name="testClass[[37]:CraftMetaPotion contains applyToItem]" classname="org.bukkit.craftbukkit.inventory.ItemMetaImplementationOverrideTest" time="0"/>
  <testcase name="testClass[[38]:CraftMetaPotion contains applicableTo]" classname="org.bukkit.craftbukkit.inventory.ItemMetaImplementationOverrideTest" time="0"/>
  <testcase name="testClass[[39]:CraftMetaPotion contains equalsCommon]" classname="org.bukkit.craftbukkit.inventory.ItemMetaImplementationOverrideTest" time="0"/>
  <testcase name="testClass[[40]:CraftMetaPotion contains notUncommon]" classname="org.bukkit.craftbukkit.inventory.ItemMetaImplementationOverrideTest" time="0"/>
  <testcase name="testClass[[41]:CraftMetaPotion contains applyHash]" classname="org.bukkit.craftbukkit.inventory.ItemMetaImplementationOverrideTest" time="0"/>
  <testcase name="testClass[[42]:CraftMetaPotion contains clone]" classname="org.bukkit.craftbukkit.inventory.ItemMetaImplementationOverrideTest" time="0"/>
  <testcase name="testClass[[43]:CraftMetaPotion contains isEmpty]" classname="org.bukkit.craftbukkit.inventory.ItemMetaImplementationOverrideTest" time="0"/>
  <testcase name="testClass[[44]:CraftMetaPotion contains annotation interface org.bukkit.configuration.serialization.DelegateDeserialization]" classname="org.bukkit.craftbukkit.inventory.ItemMetaImplementationOverrideTest" time="0"/>
  <testcase name="testClass[[45]:CraftMetaLeatherArmor contains serialize]" classname="org.bukkit.craftbukkit.inventory.ItemMetaImplementationOverrideTest" time="0.001"/>
  <testcase name="testClass[[46]:CraftMetaLeatherArmor contains applyToItem]" classname="org.bukkit.craftbukkit.inventory.ItemMetaImplementationOverrideTest" time="0"/>
  <testcase name="testClass[[47]:CraftMetaLeatherArmor contains applicableTo]" classname="org.bukkit.craftbukkit.inventory.ItemMetaImplementationOverrideTest" time="0"/>
  <testcase name="testClass[[48]:CraftMetaLeatherArmor contains equalsCommon]" classname="org.bukkit.craftbukkit.inventory.ItemMetaImplementationOverrideTest" time="0"/>
  <testcase name="testClass[[49]:CraftMetaLeatherArmor contains notUncommon]" classname="org.bukkit.craftbukkit.inventory.ItemMetaImplementationOverrideTest" time="0"/>
  <testcase name="testClass[[50]:CraftMetaLeatherArmor contains applyHash]" classname="org.bukkit.craftbukkit.inventory.ItemMetaImplementationOverrideTest" time="0"/>
  <testcase name="testClass[[51]:CraftMetaLeatherArmor contains clone]" classname="org.bukkit.craftbukkit.inventory.ItemMetaImplementationOverrideTest" time="0"/>
  <testcase name="testClass[[52]:CraftMetaLeatherArmor contains isEmpty]" classname="org.bukkit.craftbukkit.inventory.ItemMetaImplementationOverrideTest" time="0"/>
  <testcase name="testClass[[53]:CraftMetaLeatherArmor contains annotation interface org.bukkit.configuration.serialization.DelegateDeserialization]" classname="org.bukkit.craftbukkit.inventory.ItemMetaImplementationOverrideTest" time="0"/>
  <testcase name="testClass[[54]:CraftMetaCharge contains serialize]" classname="org.bukkit.craftbukkit.inventory.ItemMetaImplementationOverrideTest" time="0"/>
  <testcase name="testClass[[55]:CraftMetaCharge contains applyToItem]" classname="org.bukkit.craftbukkit.inventory.ItemMetaImplementationOverrideTest" time="0"/>
  <testcase name="testClass[[56]:CraftMetaCharge contains applicableTo]" classname="org.bukkit.craftbukkit.inventory.ItemMetaImplementationOverrideTest" time="0"/>
  <testcase name="testClass[[57]:CraftMetaCharge contains equalsCommon]" classname="org.bukkit.craftbukkit.inventory.ItemMetaImplementationOverrideTest" time="0"/>
  <testcase name="testClass[[58]:CraftMetaCharge contains notUncommon]" classname="org.bukkit.craftbukkit.inventory.ItemMetaImplementationOverrideTest" time="0"/>
  <testcase name="testClass[[59]:CraftMetaCharge contains applyHash]" classname="org.bukkit.craftbukkit.inventory.ItemMetaImplementationOverrideTest" time="0"/>
  <testcase name="testClass[[60]:CraftMetaCharge contains clone]" classname="org.bukkit.craftbukkit.inventory.ItemMetaImplementationOverrideTest" time="0"/>
  <testcase name="testClass[[61]:CraftMetaCharge contains isEmpty]" classname="org.bukkit.craftbukkit.inventory.ItemMetaImplementationOverrideTest" time="0"/>
  <testcase name="testClass[[62]:CraftMetaCharge contains annotation interface org.bukkit.configuration.serialization.DelegateDeserialization]" classname="org.bukkit.craftbukkit.inventory.ItemMetaImplementationOverrideTest" time="0"/>
  <testcase name="testClass[[63]:CraftMetaBookSigned contains serialize]" classname="org.bukkit.craftbukkit.inventory.ItemMetaImplementationOverrideTest" time="0"/>
  <testcase name="testClass[[64]:CraftMetaBookSigned contains applyToItem]" classname="org.bukkit.craftbukkit.inventory.ItemMetaImplementationOverrideTest" time="0"/>
  <testcase name="testClass[[65]:CraftMetaBookSigned contains applicableTo]" classname="org.bukkit.craftbukkit.inventory.ItemMetaImplementationOverrideTest" time="0"/>
  <testcase name="testClass[[66]:CraftMetaBookSigned contains equalsCommon]" classname="org.bukkit.craftbukkit.inventory.ItemMetaImplementationOverrideTest" time="0"/>
  <testcase name="testClass[[67]:CraftMetaBookSigned contains notUncommon]" classname="org.bukkit.craftbukkit.inventory.ItemMetaImplementationOverrideTest" time="0"/>
  <testcase name="testClass[[68]:CraftMetaBookSigned contains applyHash]" classname="org.bukkit.craftbukkit.inventory.ItemMetaImplementationOverrideTest" time="0"/>
  <testcase name="testClass[[69]:CraftMetaBookSigned contains clone]" classname="org.bukkit.craftbukkit.inventory.ItemMetaImplementationOverrideTest" time="0"/>
  <testcase name="testClass[[70]:CraftMetaBookSigned contains isEmpty]" classname="org.bukkit.craftbukkit.inventory.ItemMetaImplementationOverrideTest" time="0"/>
  <testcase name="testClass[[71]:CraftMetaBookSigned contains annotation interface org.bukkit.configuration.serialization.DelegateDeserialization]" classname="org.bukkit.craftbukkit.inventory.ItemMetaImplementationOverrideTest" time="0.006"/>
  <testcase name="testClass[[72]:CraftMetaSkull contains serialize]" classname="org.bukkit.craftbukkit.inventory.ItemMetaImplementationOverrideTest" time="0"/>
  <testcase name="testClass[[73]:CraftMetaSkull contains applyToItem]" classname="org.bukkit.craftbukkit.inventory.ItemMetaImplementationOverrideTest" time="0"/>
  <testcase name="testClass[[74]:CraftMetaSkull contains applicableTo]" classname="org.bukkit.craftbukkit.inventory.ItemMetaImplementationOverrideTest" time="0"/>
  <testcase name="testClass[[75]:CraftMetaSkull contains equalsCommon]" classname="org.bukkit.craftbukkit.inventory.ItemMetaImplementationOverrideTest" time="0"/>
  <testcase name="testClass[[76]:CraftMetaSkull contains notUncommon]" classname="org.bukkit.craftbukkit.inventory.ItemMetaImplementationOverrideTest" time="0"/>
  <testcase name="testClass[[77]:CraftMetaSkull contains applyHash]" classname="org.bukkit.craftbukkit.inventory.ItemMetaImplementationOverrideTest" time="0"/>
  <testcase name="testClass[[78]:CraftMetaSkull contains clone]" classname="org.bukkit.craftbukkit.inventory.ItemMetaImplementationOverrideTest" time="0"/>
  <testcase name="testClass[[79]:CraftMetaSkull contains isEmpty]" classname="org.bukkit.craftbukkit.inventory.ItemMetaImplementationOverrideTest" time="0"/>
  <testcase name="testClass[[80]:CraftMetaSkull contains annotation interface org.bukkit.configuration.serialization.DelegateDeserialization]" classname="org.bukkit.craftbukkit.inventory.ItemMetaImplementationOverrideTest" time="0"/>
  <testcase name="testClass[[81]:CraftMetaEnchantedBook contains serialize]" classname="org.bukkit.craftbukkit.inventory.ItemMetaImplementationOverrideTest" time="0"/>
  <testcase name="testClass[[82]:CraftMetaEnchantedBook contains applyToItem]" classname="org.bukkit.craftbukkit.inventory.ItemMetaImplementationOverrideTest" time="0"/>
  <testcase name="testClass[[83]:CraftMetaEnchantedBook contains applicableTo]" classname="org.bukkit.craftbukkit.inventory.ItemMetaImplementationOverrideTest" time="0"/>
  <testcase name="testClass[[84]:CraftMetaEnchantedBook contains equalsCommon]" classname="org.bukkit.craftbukkit.inventory.ItemMetaImplementationOverrideTest" time="0"/>
  <testcase name="testClass[[85]:CraftMetaEnchantedBook contains notUncommon]" classname="org.bukkit.craftbukkit.inventory.ItemMetaImplementationOverrideTest" time="0"/>
  <testcase name="testClass[[86]:CraftMetaEnchantedBook contains applyHash]" classname="org.bukkit.craftbukkit.inventory.ItemMetaImplementationOverrideTest" time="0"/>
  <testcase name="testClass[[87]:CraftMetaEnchantedBook contains clone]" classname="org.bukkit.craftbukkit.inventory.ItemMetaImplementationOverrideTest" time="0"/>
  <testcase name="testClass[[88]:CraftMetaEnchantedBook contains isEmpty]" classname="org.bukkit.craftbukkit.inventory.ItemMetaImplementationOverrideTest" time="0"/>
  <testcase name="testClass[[89]:CraftMetaEnchantedBook contains annotation interface org.bukkit.configuration.serialization.DelegateDeserialization]" classname="org.bukkit.craftbukkit.inventory.ItemMetaImplementationOverrideTest" time="0"/>
  <testcase name="testClass[[90]:CraftMetaFirework contains serialize]" classname="org.bukkit.craftbukkit.inventory.ItemMetaImplementationOverrideTest" time="0"/>
  <testcase name="testClass[[91]:CraftMetaFirework contains applyToItem]" classname="org.bukkit.craftbukkit.inventory.ItemMetaImplementationOverrideTest" time="0"/>
  <testcase name="testClass[[92]:CraftMetaFirework contains applicableTo]" classname="org.bukkit.craftbukkit.inventory.ItemMetaImplementationOverrideTest" time="0"/>
  <testcase name="testClass[[93]:CraftMetaFirework contains equalsCommon]" classname="org.bukkit.craftbukkit.inventory.ItemMetaImplementationOverrideTest" time="0"/>
  <testcase name="testClass[[94]:CraftMetaFirework contains notUncommon]" classname="org.bukkit.craftbukkit.inventory.ItemMetaImplementationOverrideTest" time="0"/>
  <testcase name="testClass[[95]:CraftMetaFirework contains applyHash]" classname="org.bukkit.craftbukkit.inventory.ItemMetaImplementationOverrideTest" time="0"/>
  <testcase name="testClass[[96]:CraftMetaFirework contains clone]" classname="org.bukkit.craftbukkit.inventory.ItemMetaImplementationOverrideTest" time="0"/>
  <testcase name="testClass[[97]:CraftMetaFirework contains isEmpty]" classname="org.bukkit.craftbukkit.inventory.ItemMetaImplementationOverrideTest" time="0"/>
  <testcase name="testClass[[98]:CraftMetaFirework contains annotation interface org.bukkit.configuration.serialization.DelegateDeserialization]" classname="org.bukkit.craftbukkit.inventory.ItemMetaImplementationOverrideTest" time="0"/>
</testsuite>