<?xml version="1.0" encoding="UTF-8"?>
<testsuite xmlns:xsi="http://www.w3.org/2001/XMLSchema-instance" xsi:noNamespaceSchemaLocation="https://maven.apache.org/surefire/maven-surefire-plugin/xsd/surefire-test-report.xsd" name="org.bukkit.LocationTest" time="0.082" tests="60" errors="0" skipped="0" failures="0">
  <properties>
    <property name="awt.toolkit" value="sun.awt.X11.XToolkit"/>
    <property name="file.encoding.pkg" value="sun.io"/>
    <property name="java.specification.version" value="1.8"/>
    <property name="sun.cpu.isalist" value=""/>
    <property name="sun.jnu.encoding" value="UTF-8"/>
    <property name="java.class.path" value="/media/hdd/git/CloudSpigot/CloudSpigot-API/target/test-classes:/media/hdd/git/CloudSpigot/CloudSpigot-API/target/classes:/home/tim/.m2/repository/net/sf/trove4j/trove4j/3.0.3/trove4j-3.0.3.jar:/home/tim/.m2/repository/commons-lang/commons-lang/2.6/commons-lang-2.6.jar:/home/tim/.m2/repository/com/googlecode/json-simple/json-simple/1.1.1/json-simple-1.1.1.jar:/home/tim/.m2/repository/com/google/guava/guava/17.0/guava-17.0.jar:/home/tim/.m2/repository/com/google/code/gson/gson/2.2.4/gson-2.2.4.jar:/home/tim/.m2/repository/org/avaje/ebean/2.8.1/ebean-2.8.1.jar:/home/tim/.m2/repository/javax/persistence/persistence-api/1.0/persistence-api-1.0.jar:/home/tim/.m2/repository/org/yaml/snakeyaml/1.15/snakeyaml-1.15.jar:/home/tim/.m2/repository/net/md-5/bungeecord-chat/1.8-SNAPSHOT/bungeecord-chat-1.8-SNAPSHOT.jar:/home/tim/.m2/repository/junit/junit/4.12/junit-4.12.jar:/home/tim/.m2/repository/org/hamcrest/hamcrest-core/1.3/hamcrest-core-1.3.jar:/home/tim/.m2/repository/org/hamcrest/hamcrest-library/1.3/hamcrest-library-1.3.jar:"/>
    <property name="java.vm.vendor" value="Oracle Corporation"/>
    <property name="sun.arch.data.model" value="64"/>
    <property name="java.vendor.url" value="http://java.oracle.com/"/>
    <property name="user.timezone" value=""/>
    <property name="java.vm.specification.version" value="1.8"/>
    <property name="os.name" value="Linux"/>
    <property name="user.country" value="DE"/>
    <property name="sun.java.launcher" value="SUN_STANDARD"/>
    <property name="sun.boot.library.path" value="/usr/lib/jvm/java-8-oracle/jre/lib/amd64"/>
    <property name="sun.java.command" value="/media/hdd/git/CloudSpigot/CloudSpigot-API/target/surefire/surefirebooter2792588744457450508.jar /media/hdd/git/CloudSpigot/CloudSpigot-API/target/surefire 2018-09-24T16-49-40_622-jvmRun1 surefire5306614520306198014tmp surefire_05841933685031580260tmp"/>
    <property name="surefire.test.class.path" value="/media/hdd/git/CloudSpigot/CloudSpigot-API/target/test-classes:/media/hdd/git/CloudSpigot/CloudSpigot-API/target/classes:/home/tim/.m2/repository/net/sf/trove4j/trove4j/3.0.3/trove4j-3.0.3.jar:/home/tim/.m2/repository/commons-lang/commons-lang/2.6/commons-lang-2.6.jar:/home/tim/.m2/repository/com/googlecode/json-simple/json-simple/1.1.1/json-simple-1.1.1.jar:/home/tim/.m2/repository/com/google/guava/guava/17.0/guava-17.0.jar:/home/tim/.m2/repository/com/google/code/gson/gson/2.2.4/gson-2.2.4.jar:/home/tim/.m2/repository/org/avaje/ebean/2.8.1/ebean-2.8.1.jar:/home/tim/.m2/repository/javax/persistence/persistence-api/1.0/persistence-api-1.0.jar:/home/tim/.m2/repository/org/yaml/snakeyaml/1.15/snakeyaml-1.15.jar:/home/tim/.m2/repository/net/md-5/bungeecord-chat/1.8-SNAPSHOT/bungeecord-chat-1.8-SNAPSHOT.jar:/home/tim/.m2/repository/junit/junit/4.12/junit-4.12.jar:/home/tim/.m2/repository/org/hamcrest/hamcrest-core/1.3/hamcrest-core-1.3.jar:/home/tim/.m2/repository/org/hamcrest/hamcrest-library/1.3/hamcrest-library-1.3.jar:"/>
    <property name="sun.cpu.endian" value="little"/>
    <property name="user.home" value="/home/tim"/>
    <property name="user.language" value="de"/>
    <property name="java.specification.vendor" value="Oracle Corporation"/>
    <property name="java.home" value="/usr/lib/jvm/java-8-oracle/jre"/>
    <property name="basedir" value="/media/hdd/git/CloudSpigot/CloudSpigot-API"/>
    <property name="file.separator" value="/"/>
    <property name="line.separator" value="&#10;"/>
    <property name="java.vm.specification.vendor" value="Oracle Corporation"/>
    <property name="java.specification.name" value="Java Platform API Specification"/>
    <property name="java.awt.graphicsenv" value="sun.awt.X11GraphicsEnvironment"/>
    <property name="surefire.real.class.path" value="/media/hdd/git/CloudSpigot/CloudSpigot-API/target/surefire/surefirebooter2792588744457450508.jar"/>
    <property name="sun.boot.class.path" value="/usr/lib/jvm/java-8-oracle/jre/lib/resources.jar:/usr/lib/jvm/java-8-oracle/jre/lib/rt.jar:/usr/lib/jvm/java-8-oracle/jre/lib/sunrsasign.jar:/usr/lib/jvm/java-8-oracle/jre/lib/jsse.jar:/usr/lib/jvm/java-8-oracle/jre/lib/jce.jar:/usr/lib/jvm/java-8-oracle/jre/lib/charsets.jar:/usr/lib/jvm/java-8-oracle/jre/lib/jfr.jar:/usr/lib/jvm/java-8-oracle/jre/classes"/>
    <property name="sun.management.compiler" value="HotSpot 64-Bit Tiered Compilers"/>
    <property name="java.runtime.version" value="1.8.0_181-b13"/>
    <property name="user.name" value="tim"/>
    <property name="path.separator" value=":"/>
    <property name="os.version" value="4.18.0-1-amd64"/>
    <property name="java.endorsed.dirs" value="/usr/lib/jvm/java-8-oracle/jre/lib/endorsed"/>
    <property name="java.runtime.name" value="Java(TM) SE Runtime Environment"/>
    <property name="file.encoding" value="UTF-8"/>
    <property name="java.vm.name" value="Java HotSpot(TM) 64-Bit Server VM"/>
    <property name="localRepository" value="/home/tim/.m2/repository"/>
    <property name="java.vendor.url.bug" value="http://bugreport.sun.com/bugreport/"/>
    <property name="java.io.tmpdir" value="/tmp"/>
    <property name="java.version" value="1.8.0_181"/>
    <property name="user.dir" value="/media/hdd/git/CloudSpigot/CloudSpigot-API"/>
    <property name="os.arch" value="amd64"/>
    <property name="java.vm.specification.name" value="Java Virtual Machine Specification"/>
    <property name="java.awt.printerjob" value="sun.print.PSPrinterJob"/>
    <property name="sun.os.patch.level" value="unknown"/>
    <property name="java.library.path" value="/usr/java/packages/lib/amd64:/usr/lib64:/lib64:/lib:/usr/lib"/>
    <property name="java.vm.info" value="mixed mode"/>
    <property name="java.vendor" value="Oracle Corporation"/>
    <property name="java.vm.version" value="25.181-b13"/>
    <property name="java.ext.dirs" value="/usr/lib/jvm/java-8-oracle/jre/lib/ext:/usr/java/packages/lib/ext"/>
    <property name="sun.io.unicode.encoding" value="UnicodeLittle"/>
    <property name="java.class.version" value="52.0"/>
  </properties>
  <testcase name="testExpectedXYZ[0: X]" classname="org.bukkit.LocationTest" time="0.001"/>
  <testcase name="testExpectedPitchYaw[0: X]" classname="org.bukkit.LocationTest" time="0.001"/>
  <testcase name="testExpectedXYZ[1: -X]" classname="org.bukkit.LocationTest" time="0"/>
  <testcase name="testExpectedPitchYaw[1: -X]" classname="org.bukkit.LocationTest" time="0"/>
  <testcase name="testExpectedXYZ[2: Z]" classname="org.bukkit.LocationTest" time="0"/>
  <testcase name="testExpectedPitchYaw[2: Z]" classname="org.bukkit.LocationTest" time="0"/>
  <testcase name="testExpectedXYZ[3: -Z]" classname="org.bukkit.LocationTest" time="0"/>
  <testcase name="testExpectedPitchYaw[3: -Z]" classname="org.bukkit.LocationTest" time="0.001"/>
  <testcase name="testExpectedXYZ[4: Y]" classname="org.bukkit.LocationTest" time="0"/>
  <testcase name="testExpectedPitchYaw[4: Y]" classname="org.bukkit.LocationTest" time="0"/>
  <testcase name="testExpectedXYZ[5: -Y]" classname="org.bukkit.LocationTest" time="0.001"/>
  <testcase name="testExpectedPitchYaw[5: -Y]" classname="org.bukkit.LocationTest" time="0"/>
  <testcase name="testExpectedXYZ[6: X Z]" classname="org.bukkit.LocationTest" time="0"/>
  <testcase name="testExpectedPitchYaw[6: X Z]" classname="org.bukkit.LocationTest" time="0"/>
  <testcase name="testExpectedXYZ[7: X -Z]" classname="org.bukkit.LocationTest" time="0"/>
  <testcase name="testExpectedPitchYaw[7: X -Z]" classname="org.bukkit.LocationTest" time="0"/>
  <testcase name="testExpectedXYZ[8: -X -Z]" classname="org.bukkit.LocationTest" time="0"/>
  <testcase name="testExpectedPitchYaw[8: -X -Z]" classname="org.bukkit.LocationTest" time="0.001"/>
  <testcase name="testExpectedXYZ[9: -X Z]" classname="org.bukkit.LocationTest" time="0"/>
  <testcase name="testExpectedPitchYaw[9: -X Z]" classname="org.bukkit.LocationTest" time="0.001"/>
  <testcase name="testExpectedXYZ[10: X Y Z]" classname="org.bukkit.LocationTest" time="0"/>
  <testcase name="testExpectedPitchYaw[10: X Y Z]" classname="org.bukkit.LocationTest" time="0"/>
  <testcase name="testExpectedXYZ[11: -X -Y -Z]" classname="org.bukkit.LocationTest" time="0"/>
  <testcase name="testExpectedPitchYaw[11: -X -Y -Z]" classname="org.bukkit.LocationTest" time="0"/>
  <testcase name="testExpectedXYZ[12: R0]" classname="org.bukkit.LocationTest" time="0.001"/>
  <testcase name="testExpectedPitchYaw[12: R0]" classname="org.bukkit.LocationTest" time="0"/>
  <testcase name="testExpectedXYZ[13: R1]" classname="org.bukkit.LocationTest" time="0"/>
  <testcase name="testExpectedPitchYaw[13: R1]" classname="org.bukkit.LocationTest" time="0"/>
  <testcase name="testExpectedXYZ[14: R2]" classname="org.bukkit.LocationTest" time="0"/>
  <testcase name="testExpectedPitchYaw[14: R2]" classname="org.bukkit.LocationTest" time="0"/>
  <testcase name="testExpectedXYZ[15: R3]" classname="org.bukkit.LocationTest" time="0.001"/>
  <testcase name="testExpectedPitchYaw[15: R3]" classname="org.bukkit.LocationTest" time="0.001"/>
  <testcase name="testExpectedXYZ[16: R4]" classname="org.bukkit.LocationTest" time="0"/>
  <testcase name="testExpectedPitchYaw[16: R4]" classname="org.bukkit.LocationTest" time="0"/>
  <testcase name="testExpectedXYZ[17: R5]" classname="org.bukkit.LocationTest" time="0"/>
  <testcase name="testExpectedPitchYaw[17: R5]" classname="org.bukkit.LocationTest" time="0"/>
  <testcase name="testExpectedXYZ[18: R6]" classname="org.bukkit.LocationTest" time="0.001"/>
  <testcase name="testExpectedPitchYaw[18: R6]" classname="org.bukkit.LocationTest" time="0"/>
  <testcase name="testExpectedXYZ[19: R7]" classname="org.bukkit.LocationTest" time="0"/>
  <testcase name="testExpectedPitchYaw[19: R7]" classname="org.bukkit.LocationTest" time="0.001"/>
  <testcase name="testExpectedXYZ[20: R8]" classname="org.bukkit.LocationTest" time="0"/>
  <testcase name="testExpectedPitchYaw[20: R8]" classname="org.bukkit.LocationTest" time="0.001"/>
  <testcase name="testExpectedXYZ[21: R9]" classname="org.bukkit.LocationTest" time="0"/>
  <testcase name="testExpectedPitchYaw[21: R9]" classname="org.bukkit.LocationTest" time="0.001"/>
  <testcase name="testExpectedXYZ[22: R10]" classname="org.bukkit.LocationTest" time="0"/>
  <testcase name="testExpectedPitchYaw[22: R10]" classname="org.bukkit.LocationTest" time="0"/>
  <testcase name="testExpectedXYZ[23: R11]" classname="org.bukkit.LocationTest" time="0"/>
  <testcase name="testExpectedPitchYaw[23: R11]" classname="org.bukkit.LocationTest" time="0"/>
  <testcase name="testExpectedXYZ[24: R12]" classname="org.bukkit.LocationTest" time="0"/>
  <testcase name="testExpectedPitchYaw[24: R12]" classname="org.bukkit.LocationTest" time="0"/>
  <testcase name="testExpectedXYZ[25: R13]" classname="org.bukkit.LocationTest" time="0"/>
  <testcase name="testExpectedPitchYaw[25: R13]" classname="org.bukkit.LocationTest" time="0"/>
  <testcase name="testExpectedXYZ[26: R14]" classname="org.bukkit.LocationTest" time="0"/>
  <testcase name="testExpectedPitchYaw[26: R14]" classname="org.bukkit.LocationTest" time="0"/>
  <testcase name="testExpectedXYZ[27: R15]" classname="org.bukkit.LocationTest" time="0"/>
  <testcase name="testExpectedPitchYaw[27: R15]" classname="org.bukkit.LocationTest" time="0"/>
  <testcase name="testExpectedXYZ[28: R16]" classname="org.bukkit.LocationTest" time="0"/>
  <testcase name="testExpectedPitchYaw[28: R16]" classname="org.bukkit.LocationTest" time="0"/>
  <testcase name="testExpectedXYZ[29: R17]" classname="org.bukkit.LocationTest" time="0"/>
  <testcase name="testExpectedPitchYaw[29: R17]" classname="org.bukkit.LocationTest" time="0"/>
</testsuite>