<?xml version="1.0" encoding="UTF-8"?>
<testsuite xmlns:xsi="http://www.w3.org/2001/XMLSchema-instance" xsi:noNamespaceSchemaLocation="https://maven.apache.org/surefire/maven-surefire-plugin/xsd/surefire-test-report.xsd" name="org.bukkit.DyeColorTest" time="0.009" tests="80" errors="0" skipped="0" failures="0">
  <properties>
    <property name="sun.desktop" value="gnome"/>
    <property name="awt.toolkit" value="sun.awt.X11.XToolkit"/>
    <property name="file.encoding.pkg" value="sun.io"/>
    <property name="java.specification.version" value="1.8"/>
    <property name="sun.cpu.isalist" value=""/>
    <property name="sun.jnu.encoding" value="UTF-8"/>
    <property name="java.class.path" value="/home/tim/Downloads/CloudSpigot/CloudSpigot-API/target/test-classes:/home/tim/Downloads/CloudSpigot/CloudSpigot-API/target/classes:/home/tim/.m2/repository/net/sf/trove4j/trove4j/3.0.3/trove4j-3.0.3.jar:/home/tim/.m2/repository/commons-lang/commons-lang/2.6/commons-lang-2.6.jar:/home/tim/.m2/repository/com/googlecode/json-simple/json-simple/1.1.1/json-simple-1.1.1.jar:/home/tim/.m2/repository/com/google/guava/guava/18.0/guava-18.0.jar:/home/tim/.m2/repository/com/google/code/gson/gson/2.8.5/gson-2.8.5.jar:/home/tim/.m2/repository/org/avaje/ebean/2.8.1/ebean-2.8.1.jar:/home/tim/.m2/repository/javax/persistence/persistence-api/1.0/persistence-api-1.0.jar:/home/tim/.m2/repository/org/yaml/snakeyaml/1.23/snakeyaml-1.23.jar:/home/tim/.m2/repository/net/md-5/bungeecord-chat/1.8-SNAPSHOT/bungeecord-chat-1.8-SNAPSHOT.jar:/home/tim/.m2/repository/junit/junit/4.12/junit-4.12.jar:/home/tim/.m2/repository/org/hamcrest/hamcrest-core/1.3/hamcrest-core-1.3.jar:/home/tim/.m2/repository/org/hamcrest/hamcrest-library/1.3/hamcrest-library-1.3.jar:"/>
    <property name="java.vm.vendor" value="Oracle Corporation"/>
    <property name="sun.arch.data.model" value="64"/>
    <property name="java.vendor.url" value="http://java.oracle.com/"/>
    <property name="user.timezone" value=""/>
    <property name="java.vm.specification.version" value="1.8"/>
    <property name="os.name" value="Linux"/>
    <property name="user.country" value="DE"/>
    <property name="sun.java.launcher" value="SUN_STANDARD"/>
    <property name="sun.boot.library.path" value="/usr/lib/jvm/java-8-oracle/jre/lib/amd64"/>
    <property name="sun.java.command" value="/home/tim/Downloads/CloudSpigot/CloudSpigot-API/target/surefire/surefirebooter8248318954412346248.jar /home/tim/Downloads/CloudSpigot/CloudSpigot-API/target/surefire 2018-09-11T15-42-46_857-jvmRun1 surefire7786919255662291898tmp surefire_05477503864814682518tmp"/>
    <property name="surefire.test.class.path" value="/home/tim/Downloads/CloudSpigot/CloudSpigot-API/target/test-classes:/home/tim/Downloads/CloudSpigot/CloudSpigot-API/target/classes:/home/tim/.m2/repository/net/sf/trove4j/trove4j/3.0.3/trove4j-3.0.3.jar:/home/tim/.m2/repository/commons-lang/commons-lang/2.6/commons-lang-2.6.jar:/home/tim/.m2/repository/com/googlecode/json-simple/json-simple/1.1.1/json-simple-1.1.1.jar:/home/tim/.m2/repository/com/google/guava/guava/18.0/guava-18.0.jar:/home/tim/.m2/repository/com/google/code/gson/gson/2.8.5/gson-2.8.5.jar:/home/tim/.m2/repository/org/avaje/ebean/2.8.1/ebean-2.8.1.jar:/home/tim/.m2/repository/javax/persistence/persistence-api/1.0/persistence-api-1.0.jar:/home/tim/.m2/repository/org/yaml/snakeyaml/1.23/snakeyaml-1.23.jar:/home/tim/.m2/repository/net/md-5/bungeecord-chat/1.8-SNAPSHOT/bungeecord-chat-1.8-SNAPSHOT.jar:/home/tim/.m2/repository/junit/junit/4.12/junit-4.12.jar:/home/tim/.m2/repository/org/hamcrest/hamcrest-core/1.3/hamcrest-core-1.3.jar:/home/tim/.m2/repository/org/hamcrest/hamcrest-library/1.3/hamcrest-library-1.3.jar:"/>
    <property name="sun.cpu.endian" value="little"/>
    <property name="user.home" value="/home/tim"/>
    <property name="user.language" value="de"/>
    <property name="java.specification.vendor" value="Oracle Corporation"/>
    <property name="java.home" value="/usr/lib/jvm/java-8-oracle/jre"/>
    <property name="basedir" value="/home/tim/Downloads/CloudSpigot/CloudSpigot-API"/>
    <property name="file.separator" value="/"/>
    <property name="line.separator" value="&#10;"/>
    <property name="java.vm.specification.vendor" value="Oracle Corporation"/>
    <property name="java.specification.name" value="Java Platform API Specification"/>
    <property name="java.awt.graphicsenv" value="sun.awt.X11GraphicsEnvironment"/>
    <property name="surefire.real.class.path" value="/home/tim/Downloads/CloudSpigot/CloudSpigot-API/target/surefire/surefirebooter8248318954412346248.jar"/>
    <property name="sun.boot.class.path" value="/usr/lib/jvm/java-8-oracle/jre/lib/resources.jar:/usr/lib/jvm/java-8-oracle/jre/lib/rt.jar:/usr/lib/jvm/java-8-oracle/jre/lib/sunrsasign.jar:/usr/lib/jvm/java-8-oracle/jre/lib/jsse.jar:/usr/lib/jvm/java-8-oracle/jre/lib/jce.jar:/usr/lib/jvm/java-8-oracle/jre/lib/charsets.jar:/usr/lib/jvm/java-8-oracle/jre/lib/jfr.jar:/usr/lib/jvm/java-8-oracle/jre/classes"/>
    <property name="sun.management.compiler" value="HotSpot 64-Bit Tiered Compilers"/>
    <property name="java.runtime.version" value="1.8.0_181-b13"/>
    <property name="user.name" value="tim"/>
    <property name="path.separator" value=":"/>
    <property name="os.version" value="4.17.0-3-amd64"/>
    <property name="java.endorsed.dirs" value="/usr/lib/jvm/java-8-oracle/jre/lib/endorsed"/>
    <property name="java.runtime.name" value="Java(TM) SE Runtime Environment"/>
    <property name="file.encoding" value="UTF-8"/>
    <property name="java.vm.name" value="Java HotSpot(TM) 64-Bit Server VM"/>
    <property name="localRepository" value="/home/tim/.m2/repository"/>
    <property name="java.vendor.url.bug" value="http://bugreport.sun.com/bugreport/"/>
    <property name="java.io.tmpdir" value="/tmp"/>
    <property name="java.version" value="1.8.0_181"/>
    <property name="user.dir" value="/home/tim/Downloads/CloudSpigot/CloudSpigot-API"/>
    <property name="os.arch" value="amd64"/>
    <property name="java.vm.specification.name" value="Java Virtual Machine Specification"/>
    <property name="java.awt.printerjob" value="sun.print.PSPrinterJob"/>
    <property name="sun.os.patch.level" value="unknown"/>
    <property name="java.library.path" value="/usr/java/packages/lib/amd64:/usr/lib64:/lib64:/lib:/usr/lib"/>
    <property name="java.vm.info" value="mixed mode"/>
    <property name="java.vendor" value="Oracle Corporation"/>
    <property name="java.vm.version" value="25.181-b13"/>
    <property name="java.ext.dirs" value="/usr/lib/jvm/java-8-oracle/jre/lib/ext:/usr/java/packages/lib/ext"/>
    <property name="sun.io.unicode.encoding" value="UnicodeLittle"/>
    <property name="java.class.version" value="52.0"/>
  </properties>
  <testcase name="getByWoolData[0: WHITE]" classname="org.bukkit.DyeColorTest" time="0"/>
  <testcase name="getByDyeData[0: WHITE]" classname="org.bukkit.DyeColorTest" time="0"/>
  <testcase name="getByData[0: WHITE]" classname="org.bukkit.DyeColorTest" time="0.001"/>
  <testcase name="getDyeDyeColor[0: WHITE]" classname="org.bukkit.DyeColorTest" time="0"/>
  <testcase name="getWoolDyeColor[0: WHITE]" classname="org.bukkit.DyeColorTest" time="0"/>
  <testcase name="getByWoolData[1: ORANGE]" classname="org.bukkit.DyeColorTest" time="0"/>
  <testcase name="getByDyeData[1: ORANGE]" classname="org.bukkit.DyeColorTest" time="0"/>
  <testcase name="getByData[1: ORANGE]" classname="org.bukkit.DyeColorTest" time="0"/>
  <testcase name="getDyeDyeColor[1: ORANGE]" classname="org.bukkit.DyeColorTest" time="0"/>
  <testcase name="getWoolDyeColor[1: ORANGE]" classname="org.bukkit.DyeColorTest" time="0"/>
  <testcase name="getByWoolData[2: MAGENTA]" classname="org.bukkit.DyeColorTest" time="0"/>
  <testcase name="getByDyeData[2: MAGENTA]" classname="org.bukkit.DyeColorTest" time="0"/>
  <testcase name="getByData[2: MAGENTA]" classname="org.bukkit.DyeColorTest" time="0"/>
  <testcase name="getDyeDyeColor[2: MAGENTA]" classname="org.bukkit.DyeColorTest" time="0"/>
  <testcase name="getWoolDyeColor[2: MAGENTA]" classname="org.bukkit.DyeColorTest" time="0"/>
  <testcase name="getByWoolData[3: LIGHT_BLUE]" classname="org.bukkit.DyeColorTest" time="0"/>
  <testcase name="getByDyeData[3: LIGHT_BLUE]" classname="org.bukkit.DyeColorTest" time="0"/>
  <testcase name="getByData[3: LIGHT_BLUE]" classname="org.bukkit.DyeColorTest" time="0"/>
  <testcase name="getDyeDyeColor[3: LIGHT_BLUE]" classname="org.bukkit.DyeColorTest" time="0"/>
  <testcase name="getWoolDyeColor[3: LIGHT_BLUE]" classname="org.bukkit.DyeColorTest" time="0"/>
  <testcase name="getByWoolData[4: YELLOW]" classname="org.bukkit.DyeColorTest" time="0"/>
  <testcase name="getByDyeData[4: YELLOW]" classname="org.bukkit.DyeColorTest" time="0"/>
  <testcase name="getByData[4: YELLOW]" classname="org.bukkit.DyeColorTest" time="0"/>
  <testcase name="getDyeDyeColor[4: YELLOW]" classname="org.bukkit.DyeColorTest" time="0"/>
  <testcase name="getWoolDyeColor[4: YELLOW]" classname="org.bukkit.DyeColorTest" time="0"/>
  <testcase name="getByWoolData[5: LIME]" classname="org.bukkit.DyeColorTest" time="0"/>
  <testcase name="getByDyeData[5: LIME]" classname="org.bukkit.DyeColorTest" time="0"/>
  <testcase name="getByData[5: LIME]" classname="org.bukkit.DyeColorTest" time="0"/>
  <testcase name="getDyeDyeColor[5: LIME]" classname="org.bukkit.DyeColorTest" time="0"/>
  <testcase name="getWoolDyeColor[5: LIME]" classname="org.bukkit.DyeColorTest" time="0"/>
  <testcase name="getByWoolData[6: PINK]" classname="org.bukkit.DyeColorTest" time="0"/>
  <testcase name="getByDyeData[6: PINK]" classname="org.bukkit.DyeColorTest" time="0"/>
  <testcase name="getByData[6: PINK]" classname="org.bukkit.DyeColorTest" time="0"/>
  <testcase name="getDyeDyeColor[6: PINK]" classname="org.bukkit.DyeColorTest" time="0"/>
  <testcase name="getWoolDyeColor[6: PINK]" classname="org.bukkit.DyeColorTest" time="0"/>
  <testcase name="getByWoolData[7: GRAY]" classname="org.bukkit.DyeColorTest" time="0"/>
  <testcase name="getByDyeData[7: GRAY]" classname="org.bukkit.DyeColorTest" time="0"/>
  <testcase name="getByData[7: GRAY]" classname="org.bukkit.DyeColorTest" time="0"/>
  <testcase name="getDyeDyeColor[7: GRAY]" classname="org.bukkit.DyeColorTest" time="0"/>
  <testcase name="getWoolDyeColor[7: GRAY]" classname="org.bukkit.DyeColorTest" time="0"/>
  <testcase name="getByWoolData[8: SILVER]" classname="org.bukkit.DyeColorTest" time="0"/>
  <testcase name="getByDyeData[8: SILVER]" classname="org.bukkit.DyeColorTest" time="0"/>
  <testcase name="getByData[8: SILVER]" classname="org.bukkit.DyeColorTest" time="0"/>
  <testcase name="getDyeDyeColor[8: SILVER]" classname="org.bukkit.DyeColorTest" time="0"/>
  <testcase name="getWoolDyeColor[8: SILVER]" classname="org.bukkit.DyeColorTest" time="0"/>
  <testcase name="getByWoolData[9: CYAN]" classname="org.bukkit.DyeColorTest" time="0"/>
  <testcase name="getByDyeData[9: CYAN]" classname="org.bukkit.DyeColorTest" time="0"/>
  <testcase name="getByData[9: CYAN]" classname="org.bukkit.DyeColorTest" time="0"/>
  <testcase name="getDyeDyeColor[9: CYAN]" classname="org.bukkit.DyeColorTest" time="0"/>
  <testcase name="getWoolDyeColor[9: CYAN]" classname="org.bukkit.DyeColorTest" time="0"/>
  <testcase name="getByWoolData[10: PURPLE]" classname="org.bukkit.DyeColorTest" time="0"/>
  <testcase name="getByDyeData[10: PURPLE]" classname="org.bukkit.DyeColorTest" time="0"/>
  <testcase name="getByData[10: PURPLE]" classname="org.bukkit.DyeColorTest" time="0"/>
  <testcase name="getDyeDyeColor[10: PURPLE]" classname="org.bukkit.DyeColorTest" time="0"/>
  <testcase name="getWoolDyeColor[10: PURPLE]" classname="org.bukkit.DyeColorTest" time="0"/>
  <testcase name="getByWoolData[11: BLUE]" classname="org.bukkit.DyeColorTest" time="0"/>
  <testcase name="getByDyeData[11: BLUE]" classname="org.bukkit.DyeColorTest" time="0"/>
  <testcase name="getByData[11: BLUE]" classname="org.bukkit.DyeColorTest" time="0"/>
  <testcase name="getDyeDyeColor[11: BLUE]" classname="org.bukkit.DyeColorTest" time="0"/>
  <testcase name="getWoolDyeColor[11: BLUE]" classname="org.bukkit.DyeColorTest" time="0"/>
  <testcase name="getByWoolData[12: BROWN]" classname="org.bukkit.DyeColorTest" time="0"/>
  <testcase name="getByDyeData[12: BROWN]" classname="org.bukkit.DyeColorTest" time="0"/>
  <testcase name="getByData[12: BROWN]" classname="org.bukkit.DyeColorTest" time="0"/>
  <testcase name="getDyeDyeColor[12: BROWN]" classname="org.bukkit.DyeColorTest" time="0"/>
  <testcase name="getWoolDyeColor[12: BROWN]" classname="org.bukkit.DyeColorTest" time="0"/>
  <testcase name="getByWoolData[13: GREEN]" classname="org.bukkit.DyeColorTest" time="0"/>
  <testcase name="getByDyeData[13: GREEN]" classname="org.bukkit.DyeColorTest" time="0"/>
  <testcase name="getByData[13: GREEN]" classname="org.bukkit.DyeColorTest" time="0"/>
  <testcase name="getDyeDyeColor[13: GREEN]" classname="org.bukkit.DyeColorTest" time="0"/>
  <testcase name="getWoolDyeColor[13: GREEN]" classname="org.bukkit.DyeColorTest" time="0"/>
  <testcase name="getByWoolData[14: RED]" classname="org.bukkit.DyeColorTest" time="0"/>
  <testcase name="getByDyeData[14: RED]" classname="org.bukkit.DyeColorTest" time="0"/>
  <testcase name="getByData[14: RED]" classname="org.bukkit.DyeColorTest" time="0"/>
  <testcase name="getDyeDyeColor[14: RED]" classname="org.bukkit.DyeColorTest" time="0"/>
  <testcase name="getWoolDyeColor[14: RED]" classname="org.bukkit.DyeColorTest" time="0"/>
  <testcase name="getByWoolData[15: BLACK]" classname="org.bukkit.DyeColorTest" time="0"/>
  <testcase name="getByDyeData[15: BLACK]" classname="org.bukkit.DyeColorTest" time="0.001"/>
  <testcase name="getByData[15: BLACK]" classname="org.bukkit.DyeColorTest" time="0"/>
  <testcase name="getDyeDyeColor[15: BLACK]" classname="org.bukkit.DyeColorTest" time="0"/>
  <testcase name="getWoolDyeColor[15: BLACK]" classname="org.bukkit.DyeColorTest" time="0"/>
</testsuite>